[debug] [2021-11-19T23:05:08.628Z] ----------------------------------------------------------------------
[debug] [2021-11-19T23:05:08.630Z] Command:       /home/vilpex/.nvm/versions/node/v14.17.3/bin/node /home/vilpex/.nvm/versions/node/v14.17.3/bin/firebase deploy
[debug] [2021-11-19T23:05:08.630Z] CLI Version:   9.22.0
[debug] [2021-11-19T23:05:08.630Z] Platform:      linux
[debug] [2021-11-19T23:05:08.630Z] Node Version:  v14.17.3
[debug] [2021-11-19T23:05:08.631Z] Time:          Sat Nov 20 2021 00:05:08 GMT+0100 (Central European Standard Time)
[debug] [2021-11-19T23:05:08.631Z] ----------------------------------------------------------------------
[debug] 
[debug] [2021-11-19T23:05:08.676Z] > command requires scopes: ["email","openid","https://www.googleapis.com/auth/cloudplatformprojects.readonly","https://www.googleapis.com/auth/firebase","https://www.googleapis.com/auth/cloud-platform"]
[debug] [2021-11-19T23:05:08.676Z] > authorizing via signed-in user (charles.renaud1998@gmail.com)
[debug] [2021-11-19T23:05:08.676Z] [iam] checking project dumball-rush for permissions ["firebase.projects.get","firebasehosting.sites.update"]
[debug] [2021-11-19T23:05:08.678Z] > refreshing access token with scopes: ["email","https://www.googleapis.com/auth/cloud-platform","https://www.googleapis.com/auth/cloudplatformprojects.readonly","https://www.googleapis.com/auth/firebase","openid"]
[debug] [2021-11-19T23:05:08.678Z] >>> HTTP REQUEST POST https://www.googleapis.com/oauth2/v3/token  
 <request body omitted>
[debug] [2021-11-19T23:05:09.415Z] <<< HTTP RESPONSE 200 {"pragma":"no-cache","expires":"Mon, 01 Jan 1990 00:00:00 GMT","date":"Fri, 19 Nov 2021 23:05:09 GMT","cache-control":"no-cache, no-store, max-age=0, must-revalidate","content-type":"application/json; charset=utf-8","vary":"X-Origin, Referer, Origin,Accept-Encoding","server":"scaffolding on HTTPServer2","x-xss-protection":"0","x-frame-options":"SAMEORIGIN","x-content-type-options":"nosniff","alt-svc":"h3=\":443\"; ma=2592000,h3-29=\":443\"; ma=2592000,h3-Q050=\":443\"; ma=2592000,h3-Q046=\":443\"; ma=2592000,h3-Q043=\":443\"; ma=2592000,quic=\":443\"; ma=2592000; v=\"46,43\"","accept-ranges":"none","transfer-encoding":"chunked"}
[debug] [2021-11-19T23:05:09.427Z] >>> HTTP REQUEST POST https://cloudresourcemanager.googleapis.com/v1/projects/dumball-rush:testIamPermissions  
 {"permissions":["firebase.projects.get","firebasehosting.sites.update"]}
[debug] [2021-11-19T23:05:10.232Z] <<< HTTP RESPONSE 200 {"content-type":"application/json; charset=UTF-8","vary":"X-Origin, Referer, Origin,Accept-Encoding","date":"Fri, 19 Nov 2021 23:05:10 GMT","server":"ESF","cache-control":"private","x-xss-protection":"0","x-frame-options":"SAMEORIGIN","x-content-type-options":"nosniff","server-timing":"gfet4t7; dur=603","alt-svc":"h3=\":443\"; ma=2592000,h3-29=\":443\"; ma=2592000,h3-Q050=\":443\"; ma=2592000,h3-Q046=\":443\"; ma=2592000,h3-Q043=\":443\"; ma=2592000,quic=\":443\"; ma=2592000; v=\"46,43\"","accept-ranges":"none","transfer-encoding":"chunked"}
[debug] [2021-11-19T23:05:10.233Z] > refreshing access token with scopes: []
[debug] [2021-11-19T23:05:10.233Z] >>> HTTP REQUEST POST https://www.googleapis.com/oauth2/v3/token  
 <request body omitted>
[debug] [2021-11-19T23:05:11.080Z] <<< HTTP RESPONSE 200 {"expires":"Mon, 01 Jan 1990 00:00:00 GMT","date":"Fri, 19 Nov 2021 23:05:10 GMT","pragma":"no-cache","cache-control":"no-cache, no-store, max-age=0, must-revalidate","content-type":"application/json; charset=utf-8","vary":"X-Origin, Referer, Origin,Accept-Encoding","server":"scaffolding on HTTPServer2","x-xss-protection":"0","x-frame-options":"SAMEORIGIN","x-content-type-options":"nosniff","alt-svc":"h3=\":443\"; ma=2592000,h3-29=\":443\"; ma=2592000,h3-Q050=\":443\"; ma=2592000,h3-Q046=\":443\"; ma=2592000,h3-Q043=\":443\"; ma=2592000,quic=\":443\"; ma=2592000; v=\"46,43\"","accept-ranges":"none","transfer-encoding":"chunked"}
[debug] [2021-11-19T23:05:11.092Z] >>> [apiv2][query] GET https://firebase.googleapis.com/v1beta1/projects/dumball-rush [none]
[debug] [2021-11-19T23:05:11.826Z] <<< [apiv2][status] GET https://firebase.googleapis.com/v1beta1/projects/dumball-rush 200
[debug] [2021-11-19T23:05:11.826Z] <<< [apiv2][body] GET https://firebase.googleapis.com/v1beta1/projects/dumball-rush {"projectId":"dumball-rush","projectNumber":"588568455231","displayName":"dumball-rush","name":"projects/dumball-rush","resources":{"hostingSite":"dumball-rush"},"state":"ACTIVE"}
[info] 
[info] === Deploying to 'dumball-rush'...
[info] 
[info] i  deploying hosting 
[debug] [2021-11-19T23:05:11.829Z] > refreshing access token with scopes: ["email","https://www.googleapis.com/auth/cloud-platform","https://www.googleapis.com/auth/cloudplatformprojects.readonly","https://www.googleapis.com/auth/firebase","openid"]
[debug] [2021-11-19T23:05:11.829Z] >>> HTTP REQUEST POST https://www.googleapis.com/oauth2/v3/token  
 <request body omitted>
[debug] [2021-11-19T23:05:12.319Z] <<< HTTP RESPONSE 200 {"pragma":"no-cache","cache-control":"no-cache, no-store, max-age=0, must-revalidate","expires":"Mon, 01 Jan 1990 00:00:00 GMT","date":"Fri, 19 Nov 2021 23:05:12 GMT","content-type":"application/json; charset=utf-8","vary":"X-Origin, Referer, Origin,Accept-Encoding","server":"scaffolding on HTTPServer2","x-xss-protection":"0","x-frame-options":"SAMEORIGIN","x-content-type-options":"nosniff","alt-svc":"h3=\":443\"; ma=2592000,h3-29=\":443\"; ma=2592000,h3-Q050=\":443\"; ma=2592000,h3-Q046=\":443\"; ma=2592000,h3-Q043=\":443\"; ma=2592000,quic=\":443\"; ma=2592000; v=\"46,43\"","accept-ranges":"none","transfer-encoding":"chunked"}
[debug] [2021-11-19T23:05:12.330Z] >>> HTTP REQUEST POST https://firebasehosting.googleapis.com/v1beta1/sites/dumball-rush/versions  
 {"config":{"rewrites":[{"glob":"**","path":"/index.html"}]},"labels":{"deployment-tool":"cli-firebase"}}
[debug] [2021-11-19T23:05:13.609Z] <<< HTTP RESPONSE 200 {"content-type":"application/json; charset=UTF-8","vary":"X-Origin, Referer, Origin,Accept-Encoding","date":"Fri, 19 Nov 2021 23:05:13 GMT","server":"ESF","cache-control":"private","x-xss-protection":"0","x-frame-options":"SAMEORIGIN","x-content-type-options":"nosniff","alt-svc":"h3=\":443\"; ma=2592000,h3-29=\":443\"; ma=2592000,h3-Q050=\":443\"; ma=2592000,h3-Q046=\":443\"; ma=2592000,h3-Q043=\":443\"; ma=2592000,quic=\":443\"; ma=2592000; v=\"46,43\"","accept-ranges":"none","transfer-encoding":"chunked"}
[info] i  hosting[dumball-rush]: beginning deploy... 
[info] i  hosting[dumball-rush]: found 29 files in out 
[debug] [2021-11-19T23:05:13.624Z] > refreshing access token with scopes: []
[debug] [2021-11-19T23:05:13.624Z] >>> HTTP REQUEST POST https://www.googleapis.com/oauth2/v3/token  
 <request body omitted>
[debug] [2021-11-19T23:05:13.625Z] [hosting] hash cache [b3V0] stored for 29 files
[debug] [2021-11-19T23:05:13.625Z] [hosting][hash queue][FINAL] {"max":1,"min":1,"avg":1,"active":0,"complete":29,"success":29,"errored":0,"retried":0,"total":29,"elapsed":3}
[debug] [2021-11-19T23:05:14.277Z] <<< HTTP RESPONSE 200 {"cache-control":"no-cache, no-store, max-age=0, must-revalidate","date":"Fri, 19 Nov 2021 23:05:14 GMT","expires":"Mon, 01 Jan 1990 00:00:00 GMT","pragma":"no-cache","content-type":"application/json; charset=utf-8","vary":"X-Origin, Referer, Origin,Accept-Encoding","server":"scaffolding on HTTPServer2","x-xss-protection":"0","x-frame-options":"SAMEORIGIN","x-content-type-options":"nosniff","alt-svc":"h3=\":443\"; ma=2592000,h3-29=\":443\"; ma=2592000,h3-Q050=\":443\"; ma=2592000,h3-Q046=\":443\"; ma=2592000,h3-Q043=\":443\"; ma=2592000,quic=\":443\"; ma=2592000; v=\"46,43\"","accept-ranges":"none","transfer-encoding":"chunked"}
[debug] [2021-11-19T23:05:14.287Z] >>> [apiv2][query] POST https://firebasehosting.googleapis.com/v1beta1/sites/dumball-rush/versions/f5a44322f1035176:populateFiles [none]
[debug] [2021-11-19T23:05:14.288Z] >>> [apiv2][body] POST https://firebasehosting.googleapis.com/v1beta1/sites/dumball-rush/versions/f5a44322f1035176:populateFiles {"files":{"/404.html":"3db8952c38ba0897339899d56b258ccd629ab3570f9179467e34a53752df3cc9","/_game.html":"e8a6f6eed116c2c2ec6b91b20339f2c8c9a2908aa9265124a46d10405ddf4c56","/_home.html":"76e739930e4674a89a10997192cee04b646df241b1ba23cdde4f5e48a525cf3f","/_nav.html":"f947018fce64c2c49a1fe08748e72b94c4efd36cf3a941a811d6c8e143a62537","/favicon.ico":"5db0637b966864c2b8352a84a6b4438360f6077c725b29aaaf80be894a69c118","/index.html":"8ff77215172b081a877e536065fc6528111996af2bfdaf41294be743563cb4c5","/vercel.svg":"d7cc1d83cb506bcacbd9997b53dc8cb99e1dee8b8b5d7b74c0adf332b6670a0a","/_next/static/-zUbMbfNdkcZxvhxiyh8A/_buildManifest.js":"143796f799363cadfb12b052bb63f6ea9f1f12147b6200260e5d8c96868ca298","/_next/static/-zUbMbfNdkcZxvhxiyh8A/_middlewareManifest.js":"bbfa2e1c62019f589716deebf49e07fb8b7f9485e7a635166ebc5d716020f3b2","/_next/static/-zUbMbfNdkcZxvhxiyh8A/_ssgManifest.js":"b53c525f4762ee2d2ca548237660b471aa72821fccc1de0e8b931178b81e10d4","/_next/static/chunks/framework-635b220988279e95.js":"40b98bac43adff94d69e65ae6c934b9113a8437f495541d7283bbd4695d1ffa1","/_next/static/chunks/main-7a5ae73f0e3e91d3.js":"97abc5f9daae590c6f5f20ce157c8af61408fb54d9bf13c94682f4990d21ad5b","/_next/static/chunks/polyfills-5cd94c89d3acac5f.js":"450346e76f7d33112026b3e01c4bcabafde4dd76433eaa692ab000adc101399a","/_next/static/chunks/webpack-b927671265afed5e.js":"bc1a8b33d7cc058e648ee5b573cedf66b31ee3425129109be0b7f677ff514ada","/_next/static/chunks/pages/_app-bf4b67ec43ad4483.js":"6574ff627ab28c971a88f1816245cab216dd382a23b259b7b6a236f81c12510b","/_next/static/chunks/pages/_error-2280fa386d040b66.js":"f1f5b39e4bfdb0e042787d7e738fe91aa63b0181eaf0fa59a5a481348215693d","/_next/static/chunks/pages/_game-d2996190d5b783a6.js":"d493dfa1a3ee710399a223ac29b43fb3eaa913588b57519503cd1af86cfdcf6a","/_next/static/chunks/pages/_home-edee247980eb6b48.js":"74471263c8ceb5f4edba8fc4102e28da9c24a8ef21dbaa370a43b82c4a4466f0","/_next/static/chunks/pages/_nav-a3f1c833c5c8d518.js":"6cc87b2e79fd7fdc23197052a565ebf62c8ba80013a8bb8febf048c7054c37e9","/_next/static/chunks/pages/index-9f13a202021ad386.js":"c7182d0e39ff767398f73745af4303082102e7b055775e11a64b5301706cd759","/_next/static/css/1c7759e8413e8b97.css":"d6876d1ee9d93bf11ad05779512ff92562c31704694e48b70f2b8ab3897b8af7","/_next/static/media/FredokaOne-Regular.818774f5.ttf":"8835277a9503290b4bf36b7850ee83b5fb54a3b65827267fc4fe6b39589983da","/_next/static/media/Quicksand-VariableFont_wght.9217bf0d.ttf":"7ab7a4a9dee1e63aa8aeb94a3e26e0cdca186ebd25b95630db0603998e32c008","/_next/static/media/article1.2cb0d727.png":"29f24b40e038f488870bbff01cf80a7ed21e8ace565d78c9585f5ab4375aed48","/_next/static/media/article2.a61df60a.png":"c6c475112f1e45c66248d5d0aa2fddd97ae935a9f9af40772ad702e767b91122","/_next/static/media/article3.0a755f9b.png":"5996241f0be543919fa922f5a5df5c57d0c95008f5d6f29ef26189690797999e","/_next/static/media/background.197bb804.png":"2c13b9fc4684a56557b209df2438f3c59a799da42a734bdd974745ed83c7c6d8","/_next/static/media/bg.029cdb97.png":"20f80f866f0d6cebdb483b563c1e1a0c56e76f2556f61f9c8ac2b309c9b7958a","/_next/static/media/logo.7f5e4ac3.png":"d815f17f79845727b611440784711826bcff00aaa078d6e009061119b4168486"}}
[debug] [2021-11-19T23:05:15.906Z] <<< [apiv2][status] POST https://firebasehosting.googleapis.com/v1beta1/sites/dumball-rush/versions/f5a44322f1035176:populateFiles 200
[debug] [2021-11-19T23:05:15.906Z] <<< [apiv2][body] POST https://firebasehosting.googleapis.com/v1beta1/sites/dumball-rush/versions/f5a44322f1035176:populateFiles {"uploadRequiredHashes":["c6c475112f1e45c66248d5d0aa2fddd97ae935a9f9af40772ad702e767b91122","29f24b40e038f488870bbff01cf80a7ed21e8ace565d78c9585f5ab4375aed48"],"uploadUrl":"https://upload-firebasehosting.googleapis.com/upload/sites/dumball-rush/versions/f5a44322f1035176/files"}
[debug] [2021-11-19T23:05:15.907Z] >>> [apiv2][query] POST https://upload-firebasehosting.googleapis.com/upload/sites/dumball-rush/versions/f5a44322f1035176/files/c6c475112f1e45c66248d5d0aa2fddd97ae935a9f9af40772ad702e767b91122 [none]
[debug] [2021-11-19T23:05:15.908Z] >>> [apiv2][body] POST https://upload-firebasehosting.googleapis.com/upload/sites/dumball-rush/versions/f5a44322f1035176/files/c6c475112f1e45c66248d5d0aa2fddd97ae935a9f9af40772ad702e767b91122 [stream]
[debug] [2021-11-19T23:05:15.908Z] >>> [apiv2][query] POST https://upload-firebasehosting.googleapis.com/upload/sites/dumball-rush/versions/f5a44322f1035176/files/29f24b40e038f488870bbff01cf80a7ed21e8ace565d78c9585f5ab4375aed48 [none]
[debug] [2021-11-19T23:05:15.908Z] >>> [apiv2][body] POST https://upload-firebasehosting.googleapis.com/upload/sites/dumball-rush/versions/f5a44322f1035176/files/29f24b40e038f488870bbff01cf80a7ed21e8ace565d78c9585f5ab4375aed48 [stream]
[debug] [2021-11-19T23:05:15.909Z] [hosting][populate queue][FINAL] {"max":2283,"min":2283,"avg":2283,"active":0,"complete":1,"success":1,"errored":0,"retried":0,"total":1,"elapsed":2285}
[debug] [2021-11-19T23:05:15.909Z] [hosting] uploads queued: 2
[debug] [2021-11-19T23:05:53.150Z] [uploadQueue] Retrying task 29f24b40e038f488870bbff01cf80a7ed21e8ace565d78c9585f5ab4375aed48
[debug] [2021-11-19T23:05:53.150Z] >>> [apiv2][query] POST https://upload-firebasehosting.googleapis.com/upload/sites/dumball-rush/versions/f5a44322f1035176/files/29f24b40e038f488870bbff01cf80a7ed21e8ace565d78c9585f5ab4375aed48 [none]
[debug] [2021-11-19T23:05:53.150Z] >>> [apiv2][body] POST https://upload-firebasehosting.googleapis.com/upload/sites/dumball-rush/versions/f5a44322f1035176/files/29f24b40e038f488870bbff01cf80a7ed21e8ace565d78c9585f5ab4375aed48 [stream]
[debug] [2021-11-19T23:05:54.068Z] [uploadQueue] Retrying task c6c475112f1e45c66248d5d0aa2fddd97ae935a9f9af40772ad702e767b91122
[debug] [2021-11-19T23:05:54.069Z] >>> [apiv2][query] POST https://upload-firebasehosting.googleapis.com/upload/sites/dumball-rush/versions/f5a44322f1035176/files/c6c475112f1e45c66248d5d0aa2fddd97ae935a9f9af40772ad702e767b91122 [none]
[debug] [2021-11-19T23:05:54.069Z] >>> [apiv2][body] POST https://upload-firebasehosting.googleapis.com/upload/sites/dumball-rush/versions/f5a44322f1035176/files/c6c475112f1e45c66248d5d0aa2fddd97ae935a9f9af40772ad702e767b91122 [stream]
[debug] [2021-11-19T23:06:04.105Z] [uploadQueue] Retrying task 29f24b40e038f488870bbff01cf80a7ed21e8ace565d78c9585f5ab4375aed48
[debug] [2021-11-19T23:06:04.105Z] >>> [apiv2][query] POST https://upload-firebasehosting.googleapis.com/upload/sites/dumball-rush/versions/f5a44322f1035176/files/29f24b40e038f488870bbff01cf80a7ed21e8ace565d78c9585f5ab4375aed48 [none]
[debug] [2021-11-19T23:06:04.105Z] >>> [apiv2][body] POST https://upload-firebasehosting.googleapis.com/upload/sites/dumball-rush/versions/f5a44322f1035176/files/29f24b40e038f488870bbff01cf80a7ed21e8ace565d78c9585f5ab4375aed48 [stream]
[debug] [2021-11-19T23:06:05.249Z] [uploadQueue] Retrying task c6c475112f1e45c66248d5d0aa2fddd97ae935a9f9af40772ad702e767b91122
[debug] [2021-11-19T23:06:05.250Z] >>> [apiv2][query] POST https://upload-firebasehosting.googleapis.com/upload/sites/dumball-rush/versions/f5a44322f1035176/files/c6c475112f1e45c66248d5d0aa2fddd97ae935a9f9af40772ad702e767b91122 [none]
[debug] [2021-11-19T23:06:05.250Z] >>> [apiv2][body] POST https://upload-firebasehosting.googleapis.com/upload/sites/dumball-rush/versions/f5a44322f1035176/files/c6c475112f1e45c66248d5d0aa2fddd97ae935a9f9af40772ad702e767b91122 [stream]
[debug] [2021-11-19T23:06:42.546Z] [uploadQueue] Retrying task 29f24b40e038f488870bbff01cf80a7ed21e8ace565d78c9585f5ab4375aed48
[debug] [2021-11-19T23:06:42.546Z] >>> [apiv2][query] POST https://upload-firebasehosting.googleapis.com/upload/sites/dumball-rush/versions/f5a44322f1035176/files/29f24b40e038f488870bbff01cf80a7ed21e8ace565d78c9585f5ab4375aed48 [none]
[debug] [2021-11-19T23:06:42.547Z] >>> [apiv2][body] POST https://upload-firebasehosting.googleapis.com/upload/sites/dumball-rush/versions/f5a44322f1035176/files/29f24b40e038f488870bbff01cf80a7ed21e8ace565d78c9585f5ab4375aed48 [stream]
[debug] [2021-11-19T23:06:44.610Z] [uploadQueue] Retrying task c6c475112f1e45c66248d5d0aa2fddd97ae935a9f9af40772ad702e767b91122
[debug] [2021-11-19T23:06:44.611Z] >>> [apiv2][query] POST https://upload-firebasehosting.googleapis.com/upload/sites/dumball-rush/versions/f5a44322f1035176/files/c6c475112f1e45c66248d5d0aa2fddd97ae935a9f9af40772ad702e767b91122 [none]
[debug] [2021-11-19T23:06:44.611Z] >>> [apiv2][body] POST https://upload-firebasehosting.googleapis.com/upload/sites/dumball-rush/versions/f5a44322f1035176/files/c6c475112f1e45c66248d5d0aa2fddd97ae935a9f9af40772ad702e767b91122 [stream]
[debug] [2021-11-19T23:06:56.053Z] [uploadQueue] Retrying task 29f24b40e038f488870bbff01cf80a7ed21e8ace565d78c9585f5ab4375aed48
[debug] [2021-11-19T23:06:56.054Z] >>> [apiv2][query] POST https://upload-firebasehosting.googleapis.com/upload/sites/dumball-rush/versions/f5a44322f1035176/files/29f24b40e038f488870bbff01cf80a7ed21e8ace565d78c9585f5ab4375aed48 [none]
[debug] [2021-11-19T23:06:56.054Z] >>> [apiv2][body] POST https://upload-firebasehosting.googleapis.com/upload/sites/dumball-rush/versions/f5a44322f1035176/files/29f24b40e038f488870bbff01cf80a7ed21e8ace565d78c9585f5ab4375aed48 [stream]
[debug] [2021-11-19T23:07:01.930Z] ----------------------------------------------------------------------
[debug] [2021-11-19T23:07:01.935Z] Command:       /home/vilpex/.nvm/versions/node/v14.17.3/bin/node /home/vilpex/.nvm/versions/node/v14.17.3/bin/firebase deploy
[debug] [2021-11-19T23:07:01.935Z] CLI Version:   9.22.0
[debug] [2021-11-19T23:07:01.935Z] Platform:      linux
[debug] [2021-11-19T23:07:01.935Z] Node Version:  v14.17.3
[debug] [2021-11-19T23:07:01.936Z] Time:          Sat Nov 20 2021 00:07:01 GMT+0100 (Central European Standard Time)
[debug] [2021-11-19T23:07:01.936Z] ----------------------------------------------------------------------
[debug] 
[debug] [2021-11-19T23:07:01.977Z] > command requires scopes: ["email","openid","https://www.googleapis.com/auth/cloudplatformprojects.readonly","https://www.googleapis.com/auth/firebase","https://www.googleapis.com/auth/cloud-platform"]
[debug] [2021-11-19T23:07:01.977Z] > authorizing via signed-in user (charles.renaud1998@gmail.com)
[debug] [2021-11-19T23:07:01.977Z] [iam] checking project dumball-rush for permissions ["firebase.projects.get","firebasehosting.sites.update"]
[debug] [2021-11-19T23:07:01.979Z] > refreshing access token with scopes: ["email","https://www.googleapis.com/auth/cloud-platform","https://www.googleapis.com/auth/cloudplatformprojects.readonly","https://www.googleapis.com/auth/firebase","openid"]
[debug] [2021-11-19T23:07:01.979Z] >>> HTTP REQUEST POST https://www.googleapis.com/oauth2/v3/token  
 <request body omitted>
[debug] [2021-11-19T23:07:02.631Z] <<< HTTP RESPONSE 200 {"expires":"Mon, 01 Jan 1990 00:00:00 GMT","pragma":"no-cache","cache-control":"no-cache, no-store, max-age=0, must-revalidate","date":"Fri, 19 Nov 2021 23:07:02 GMT","content-type":"application/json; charset=utf-8","vary":"X-Origin, Referer, Origin,Accept-Encoding","server":"scaffolding on HTTPServer2","x-xss-protection":"0","x-frame-options":"SAMEORIGIN","x-content-type-options":"nosniff","alt-svc":"h3=\":443\"; ma=2592000,h3-29=\":443\"; ma=2592000,h3-Q050=\":443\"; ma=2592000,h3-Q046=\":443\"; ma=2592000,h3-Q043=\":443\"; ma=2592000,quic=\":443\"; ma=2592000; v=\"46,43\"","accept-ranges":"none","transfer-encoding":"chunked"}
[debug] [2021-11-19T23:07:02.646Z] >>> HTTP REQUEST POST https://cloudresourcemanager.googleapis.com/v1/projects/dumball-rush:testIamPermissions  
 {"permissions":["firebase.projects.get","firebasehosting.sites.update"]}
[debug] [2021-11-19T23:07:03.964Z] <<< HTTP RESPONSE 200 {"content-type":"application/json; charset=UTF-8","vary":"X-Origin, Referer, Origin,Accept-Encoding","date":"Fri, 19 Nov 2021 23:07:03 GMT","server":"ESF","cache-control":"private","x-xss-protection":"0","x-frame-options":"SAMEORIGIN","x-content-type-options":"nosniff","server-timing":"gfet4t7; dur=609","alt-svc":"h3=\":443\"; ma=2592000,h3-29=\":443\"; ma=2592000,h3-Q050=\":443\"; ma=2592000,h3-Q046=\":443\"; ma=2592000,h3-Q043=\":443\"; ma=2592000,quic=\":443\"; ma=2592000; v=\"46,43\"","accept-ranges":"none","transfer-encoding":"chunked"}
[debug] [2021-11-19T23:07:03.965Z] > refreshing access token with scopes: []
[debug] [2021-11-19T23:07:03.965Z] >>> HTTP REQUEST POST https://www.googleapis.com/oauth2/v3/token  
 <request body omitted>
[debug] [2021-11-19T23:07:04.588Z] <<< HTTP RESPONSE 200 {"pragma":"no-cache","expires":"Mon, 01 Jan 1990 00:00:00 GMT","date":"Fri, 19 Nov 2021 23:07:04 GMT","cache-control":"no-cache, no-store, max-age=0, must-revalidate","content-type":"application/json; charset=utf-8","vary":"X-Origin, Referer, Origin,Accept-Encoding","server":"scaffolding on HTTPServer2","x-xss-protection":"0","x-frame-options":"SAMEORIGIN","x-content-type-options":"nosniff","alt-svc":"h3=\":443\"; ma=2592000,h3-29=\":443\"; ma=2592000,h3-Q050=\":443\"; ma=2592000,h3-Q046=\":443\"; ma=2592000,h3-Q043=\":443\"; ma=2592000,quic=\":443\"; ma=2592000; v=\"46,43\"","accept-ranges":"none","transfer-encoding":"chunked"}
[debug] [2021-11-19T23:07:04.605Z] >>> [apiv2][query] GET https://firebase.googleapis.com/v1beta1/projects/dumball-rush [none]
[debug] [2021-11-19T23:07:05.277Z] <<< [apiv2][status] GET https://firebase.googleapis.com/v1beta1/projects/dumball-rush 200
[debug] [2021-11-19T23:07:05.277Z] <<< [apiv2][body] GET https://firebase.googleapis.com/v1beta1/projects/dumball-rush {"projectId":"dumball-rush","projectNumber":"588568455231","displayName":"dumball-rush","name":"projects/dumball-rush","resources":{"hostingSite":"dumball-rush"},"state":"ACTIVE"}
[info] 
[info] === Deploying to 'dumball-rush'...
[info] 
[info] i  deploying hosting 
[debug] [2021-11-19T23:07:05.279Z] > refreshing access token with scopes: ["email","https://www.googleapis.com/auth/cloud-platform","https://www.googleapis.com/auth/cloudplatformprojects.readonly","https://www.googleapis.com/auth/firebase","openid"]
[debug] [2021-11-19T23:07:05.279Z] >>> HTTP REQUEST POST https://www.googleapis.com/oauth2/v3/token  
 <request body omitted>
[debug] [2021-11-19T23:07:05.569Z] <<< HTTP RESPONSE 200 {"pragma":"no-cache","expires":"Mon, 01 Jan 1990 00:00:00 GMT","date":"Fri, 19 Nov 2021 23:07:05 GMT","cache-control":"no-cache, no-store, max-age=0, must-revalidate","content-type":"application/json; charset=utf-8","vary":"X-Origin, Referer, Origin,Accept-Encoding","server":"scaffolding on HTTPServer2","x-xss-protection":"0","x-frame-options":"SAMEORIGIN","x-content-type-options":"nosniff","alt-svc":"h3=\":443\"; ma=2592000,h3-29=\":443\"; ma=2592000,h3-Q050=\":443\"; ma=2592000,h3-Q046=\":443\"; ma=2592000,h3-Q043=\":443\"; ma=2592000,quic=\":443\"; ma=2592000; v=\"46,43\"","accept-ranges":"none","transfer-encoding":"chunked"}
[debug] [2021-11-19T23:07:05.583Z] >>> HTTP REQUEST POST https://firebasehosting.googleapis.com/v1beta1/sites/dumball-rush/versions  
 {"config":{"rewrites":[{"glob":"**","path":"/index.html"}]},"labels":{"deployment-tool":"cli-firebase"}}
[debug] [2021-11-19T23:07:07.206Z] <<< HTTP RESPONSE 200 {"content-type":"application/json; charset=UTF-8","vary":"X-Origin, Referer, Origin,Accept-Encoding","date":"Fri, 19 Nov 2021 23:07:07 GMT","server":"ESF","cache-control":"private","x-xss-protection":"0","x-frame-options":"SAMEORIGIN","x-content-type-options":"nosniff","alt-svc":"h3=\":443\"; ma=2592000,h3-29=\":443\"; ma=2592000,h3-Q050=\":443\"; ma=2592000,h3-Q046=\":443\"; ma=2592000,h3-Q043=\":443\"; ma=2592000,quic=\":443\"; ma=2592000; v=\"46,43\"","accept-ranges":"none","transfer-encoding":"chunked"}
[info] i  hosting[dumball-rush]: beginning deploy... 
[info] i  hosting[dumball-rush]: found 29 files in out 
[debug] [2021-11-19T23:07:07.219Z] [hosting] hash cache [b3V0] not populated
[debug] [2021-11-19T23:07:07.289Z] > refreshing access token with scopes: []
[debug] [2021-11-19T23:07:07.289Z] >>> HTTP REQUEST POST https://www.googleapis.com/oauth2/v3/token  
 <request body omitted>
[debug] [2021-11-19T23:07:07.291Z] [hosting] hash cache [b3V0] stored for 29 files
[debug] [2021-11-19T23:07:07.291Z] [hosting][hash queue][FINAL] {"max":67,"min":11,"avg":18.75862068965517,"active":0,"complete":29,"success":29,"errored":0,"retried":0,"total":29,"elapsed":72}
[debug] [2021-11-19T23:07:07.931Z] <<< HTTP RESPONSE 200 {"cache-control":"no-cache, no-store, max-age=0, must-revalidate","pragma":"no-cache","expires":"Mon, 01 Jan 1990 00:00:00 GMT","date":"Fri, 19 Nov 2021 23:07:07 GMT","content-type":"application/json; charset=utf-8","vary":"X-Origin, Referer, Origin,Accept-Encoding","server":"scaffolding on HTTPServer2","x-xss-protection":"0","x-frame-options":"SAMEORIGIN","x-content-type-options":"nosniff","alt-svc":"h3=\":443\"; ma=2592000,h3-29=\":443\"; ma=2592000,h3-Q050=\":443\"; ma=2592000,h3-Q046=\":443\"; ma=2592000,h3-Q043=\":443\"; ma=2592000,quic=\":443\"; ma=2592000; v=\"46,43\"","accept-ranges":"none","transfer-encoding":"chunked"}
[debug] [2021-11-19T23:07:07.944Z] >>> [apiv2][query] POST https://firebasehosting.googleapis.com/v1beta1/sites/dumball-rush/versions/8ee9526b2cd6fdb7:populateFiles [none]
[debug] [2021-11-19T23:07:07.944Z] >>> [apiv2][body] POST https://firebasehosting.googleapis.com/v1beta1/sites/dumball-rush/versions/8ee9526b2cd6fdb7:populateFiles {"files":{"/_game.html":"e8a6f6eed116c2c2ec6b91b20339f2c8c9a2908aa9265124a46d10405ddf4c56","/_nav.html":"f947018fce64c2c49a1fe08748e72b94c4efd36cf3a941a811d6c8e143a62537","/_home.html":"76e739930e4674a89a10997192cee04b646df241b1ba23cdde4f5e48a525cf3f","/404.html":"3db8952c38ba0897339899d56b258ccd629ab3570f9179467e34a53752df3cc9","/index.html":"8ff77215172b081a877e536065fc6528111996af2bfdaf41294be743563cb4c5","/vercel.svg":"d7cc1d83cb506bcacbd9997b53dc8cb99e1dee8b8b5d7b74c0adf332b6670a0a","/_next/static/-zUbMbfNdkcZxvhxiyh8A/_buildManifest.js":"143796f799363cadfb12b052bb63f6ea9f1f12147b6200260e5d8c96868ca298","/_next/static/-zUbMbfNdkcZxvhxiyh8A/_middlewareManifest.js":"bbfa2e1c62019f589716deebf49e07fb8b7f9485e7a635166ebc5d716020f3b2","/_next/static/-zUbMbfNdkcZxvhxiyh8A/_ssgManifest.js":"b53c525f4762ee2d2ca548237660b471aa72821fccc1de0e8b931178b81e10d4","/_next/static/chunks/webpack-b927671265afed5e.js":"bc1a8b33d7cc058e648ee5b573cedf66b31ee3425129109be0b7f677ff514ada","/favicon.ico":"5db0637b966864c2b8352a84a6b4438360f6077c725b29aaaf80be894a69c118","/_next/static/chunks/pages/_error-2280fa386d040b66.js":"f1f5b39e4bfdb0e042787d7e738fe91aa63b0181eaf0fa59a5a481348215693d","/_next/static/chunks/pages/_game-d2996190d5b783a6.js":"d493dfa1a3ee710399a223ac29b43fb3eaa913588b57519503cd1af86cfdcf6a","/_next/static/chunks/pages/_home-edee247980eb6b48.js":"74471263c8ceb5f4edba8fc4102e28da9c24a8ef21dbaa370a43b82c4a4466f0","/_next/static/chunks/pages/_nav-a3f1c833c5c8d518.js":"6cc87b2e79fd7fdc23197052a565ebf62c8ba80013a8bb8febf048c7054c37e9","/_next/static/chunks/pages/index-9f13a202021ad386.js":"c7182d0e39ff767398f73745af4303082102e7b055775e11a64b5301706cd759","/_next/static/css/1c7759e8413e8b97.css":"d6876d1ee9d93bf11ad05779512ff92562c31704694e48b70f2b8ab3897b8af7","/_next/static/chunks/pages/_app-bf4b67ec43ad4483.js":"6574ff627ab28c971a88f1816245cab216dd382a23b259b7b6a236f81c12510b","/_next/static/media/FredokaOne-Regular.818774f5.ttf":"8835277a9503290b4bf36b7850ee83b5fb54a3b65827267fc4fe6b39589983da","/_next/static/chunks/polyfills-5cd94c89d3acac5f.js":"450346e76f7d33112026b3e01c4bcabafde4dd76433eaa692ab000adc101399a","/_next/static/chunks/main-7a5ae73f0e3e91d3.js":"97abc5f9daae590c6f5f20ce157c8af61408fb54d9bf13c94682f4990d21ad5b","/_next/static/chunks/framework-635b220988279e95.js":"40b98bac43adff94d69e65ae6c934b9113a8437f495541d7283bbd4695d1ffa1","/_next/static/media/bg.029cdb97.png":"20f80f866f0d6cebdb483b563c1e1a0c56e76f2556f61f9c8ac2b309c9b7958a","/_next/static/media/Quicksand-VariableFont_wght.9217bf0d.ttf":"7ab7a4a9dee1e63aa8aeb94a3e26e0cdca186ebd25b95630db0603998e32c008","/_next/static/media/background.197bb804.png":"2c13b9fc4684a56557b209df2438f3c59a799da42a734bdd974745ed83c7c6d8","/_next/static/media/logo.7f5e4ac3.png":"d815f17f79845727b611440784711826bcff00aaa078d6e009061119b4168486","/_next/static/media/article3.0a755f9b.png":"5996241f0be543919fa922f5a5df5c57d0c95008f5d6f29ef26189690797999e","/_next/static/media/article1.2cb0d727.png":"29f24b40e038f488870bbff01cf80a7ed21e8ace565d78c9585f5ab4375aed48","/_next/static/media/article2.a61df60a.png":"c6c475112f1e45c66248d5d0aa2fddd97ae935a9f9af40772ad702e767b91122"}}
[debug] [2021-11-19T23:07:12.588Z] <<< [apiv2][status] POST https://firebasehosting.googleapis.com/v1beta1/sites/dumball-rush/versions/8ee9526b2cd6fdb7:populateFiles 200
[debug] [2021-11-19T23:07:12.589Z] <<< [apiv2][body] POST https://firebasehosting.googleapis.com/v1beta1/sites/dumball-rush/versions/8ee9526b2cd6fdb7:populateFiles {"uploadRequiredHashes":["c6c475112f1e45c66248d5d0aa2fddd97ae935a9f9af40772ad702e767b91122","29f24b40e038f488870bbff01cf80a7ed21e8ace565d78c9585f5ab4375aed48"],"uploadUrl":"https://upload-firebasehosting.googleapis.com/upload/sites/dumball-rush/versions/8ee9526b2cd6fdb7/files"}
[debug] [2021-11-19T23:07:12.590Z] >>> [apiv2][query] POST https://upload-firebasehosting.googleapis.com/upload/sites/dumball-rush/versions/8ee9526b2cd6fdb7/files/c6c475112f1e45c66248d5d0aa2fddd97ae935a9f9af40772ad702e767b91122 [none]
[debug] [2021-11-19T23:07:12.590Z] >>> [apiv2][body] POST https://upload-firebasehosting.googleapis.com/upload/sites/dumball-rush/versions/8ee9526b2cd6fdb7/files/c6c475112f1e45c66248d5d0aa2fddd97ae935a9f9af40772ad702e767b91122 [stream]
[debug] [2021-11-19T23:07:12.592Z] >>> [apiv2][query] POST https://upload-firebasehosting.googleapis.com/upload/sites/dumball-rush/versions/8ee9526b2cd6fdb7/files/29f24b40e038f488870bbff01cf80a7ed21e8ace565d78c9585f5ab4375aed48 [none]
[debug] [2021-11-19T23:07:12.592Z] >>> [apiv2][body] POST https://upload-firebasehosting.googleapis.com/upload/sites/dumball-rush/versions/8ee9526b2cd6fdb7/files/29f24b40e038f488870bbff01cf80a7ed21e8ace565d78c9585f5ab4375aed48 [stream]
[debug] [2021-11-19T23:07:12.593Z] [hosting][populate queue][FINAL] {"max":5301,"min":5301,"avg":5301,"active":0,"complete":1,"success":1,"errored":0,"retried":0,"total":1,"elapsed":5304}
[debug] [2021-11-19T23:07:12.593Z] [hosting] uploads queued: 2
[debug] [2021-11-19T23:07:49.831Z] [uploadQueue] Retrying task 29f24b40e038f488870bbff01cf80a7ed21e8ace565d78c9585f5ab4375aed48
[debug] [2021-11-19T23:07:49.832Z] >>> [apiv2][query] POST https://upload-firebasehosting.googleapis.com/upload/sites/dumball-rush/versions/8ee9526b2cd6fdb7/files/29f24b40e038f488870bbff01cf80a7ed21e8ace565d78c9585f5ab4375aed48 [none]
[debug] [2021-11-19T23:07:49.832Z] >>> [apiv2][body] POST https://upload-firebasehosting.googleapis.com/upload/sites/dumball-rush/versions/8ee9526b2cd6fdb7/files/29f24b40e038f488870bbff01cf80a7ed21e8ace565d78c9585f5ab4375aed48 [stream]
[debug] [2021-11-19T23:07:50.750Z] [uploadQueue] Retrying task c6c475112f1e45c66248d5d0aa2fddd97ae935a9f9af40772ad702e767b91122
[debug] [2021-11-19T23:07:50.750Z] >>> [apiv2][query] POST https://upload-firebasehosting.googleapis.com/upload/sites/dumball-rush/versions/8ee9526b2cd6fdb7/files/c6c475112f1e45c66248d5d0aa2fddd97ae935a9f9af40772ad702e767b91122 [none]
[debug] [2021-11-19T23:07:50.750Z] >>> [apiv2][body] POST https://upload-firebasehosting.googleapis.com/upload/sites/dumball-rush/versions/8ee9526b2cd6fdb7/files/c6c475112f1e45c66248d5d0aa2fddd97ae935a9f9af40772ad702e767b91122 [stream]
[debug] [2021-11-19T23:08:01.097Z] [uploadQueue] Retrying task 29f24b40e038f488870bbff01cf80a7ed21e8ace565d78c9585f5ab4375aed48
[debug] [2021-11-19T23:08:01.097Z] >>> [apiv2][query] POST https://upload-firebasehosting.googleapis.com/upload/sites/dumball-rush/versions/8ee9526b2cd6fdb7/files/29f24b40e038f488870bbff01cf80a7ed21e8ace565d78c9585f5ab4375aed48 [none]
[debug] [2021-11-19T23:08:01.097Z] >>> [apiv2][body] POST https://upload-firebasehosting.googleapis.com/upload/sites/dumball-rush/versions/8ee9526b2cd6fdb7/files/29f24b40e038f488870bbff01cf80a7ed21e8ace565d78c9585f5ab4375aed48 [stream]
[debug] [2021-11-19T23:08:02.096Z] [uploadQueue] Retrying task c6c475112f1e45c66248d5d0aa2fddd97ae935a9f9af40772ad702e767b91122
[debug] [2021-11-19T23:08:02.096Z] >>> [apiv2][query] POST https://upload-firebasehosting.googleapis.com/upload/sites/dumball-rush/versions/8ee9526b2cd6fdb7/files/c6c475112f1e45c66248d5d0aa2fddd97ae935a9f9af40772ad702e767b91122 [none]
[debug] [2021-11-19T23:08:02.096Z] >>> [apiv2][body] POST https://upload-firebasehosting.googleapis.com/upload/sites/dumball-rush/versions/8ee9526b2cd6fdb7/files/c6c475112f1e45c66248d5d0aa2fddd97ae935a9f9af40772ad702e767b91122 [stream]
[debug] [2021-11-19T23:08:36.846Z] ----------------------------------------------------------------------
[debug] [2021-11-19T23:08:36.848Z] Command:       /home/vilpex/.nvm/versions/node/v14.17.3/bin/node /home/vilpex/.nvm/versions/node/v14.17.3/bin/firebase deploy
[debug] [2021-11-19T23:08:36.848Z] CLI Version:   9.22.0
[debug] [2021-11-19T23:08:36.849Z] Platform:      linux
[debug] [2021-11-19T23:08:36.849Z] Node Version:  v14.17.3
[debug] [2021-11-19T23:08:36.849Z] Time:          Sat Nov 20 2021 00:08:36 GMT+0100 (Central European Standard Time)
[debug] [2021-11-19T23:08:36.849Z] ----------------------------------------------------------------------
[debug] 
[debug] [2021-11-19T23:08:36.889Z] > command requires scopes: ["email","openid","https://www.googleapis.com/auth/cloudplatformprojects.readonly","https://www.googleapis.com/auth/firebase","https://www.googleapis.com/auth/cloud-platform"]
[debug] [2021-11-19T23:08:36.890Z] > authorizing via signed-in user (charles.renaud1998@gmail.com)
[debug] [2021-11-19T23:08:36.890Z] [iam] checking project dumball-rush for permissions ["firebase.projects.get","firebasehosting.sites.update"]
[debug] [2021-11-19T23:08:36.891Z] > refreshing access token with scopes: ["email","https://www.googleapis.com/auth/cloud-platform","https://www.googleapis.com/auth/cloudplatformprojects.readonly","https://www.googleapis.com/auth/firebase","openid"]
[debug] [2021-11-19T23:08:36.891Z] >>> HTTP REQUEST POST https://www.googleapis.com/oauth2/v3/token  
 <request body omitted>
[debug] [2021-11-19T23:08:37.199Z] <<< HTTP RESPONSE 200 {"pragma":"no-cache","cache-control":"no-cache, no-store, max-age=0, must-revalidate","expires":"Mon, 01 Jan 1990 00:00:00 GMT","date":"Fri, 19 Nov 2021 23:08:37 GMT","content-type":"application/json; charset=utf-8","vary":"X-Origin, Referer, Origin,Accept-Encoding","server":"scaffolding on HTTPServer2","x-xss-protection":"0","x-frame-options":"SAMEORIGIN","x-content-type-options":"nosniff","alt-svc":"h3=\":443\"; ma=2592000,h3-29=\":443\"; ma=2592000,h3-Q050=\":443\"; ma=2592000,h3-Q046=\":443\"; ma=2592000,h3-Q043=\":443\"; ma=2592000,quic=\":443\"; ma=2592000; v=\"46,43\"","accept-ranges":"none","transfer-encoding":"chunked"}
[debug] [2021-11-19T23:08:37.213Z] >>> HTTP REQUEST POST https://cloudresourcemanager.googleapis.com/v1/projects/dumball-rush:testIamPermissions  
 {"permissions":["firebase.projects.get","firebasehosting.sites.update"]}
[debug] [2021-11-19T23:08:38.108Z] <<< HTTP RESPONSE 200 {"content-type":"application/json; charset=UTF-8","vary":"X-Origin, Referer, Origin,Accept-Encoding","date":"Fri, 19 Nov 2021 23:08:37 GMT","server":"ESF","cache-control":"private","x-xss-protection":"0","x-frame-options":"SAMEORIGIN","x-content-type-options":"nosniff","server-timing":"gfet4t7; dur=609","alt-svc":"h3=\":443\"; ma=2592000,h3-29=\":443\"; ma=2592000,h3-Q050=\":443\"; ma=2592000,h3-Q046=\":443\"; ma=2592000,h3-Q043=\":443\"; ma=2592000,quic=\":443\"; ma=2592000; v=\"46,43\"","accept-ranges":"none","transfer-encoding":"chunked"}
[debug] [2021-11-19T23:08:38.109Z] > refreshing access token with scopes: []
[debug] [2021-11-19T23:08:38.109Z] >>> HTTP REQUEST POST https://www.googleapis.com/oauth2/v3/token  
 <request body omitted>
[debug] [2021-11-19T23:08:38.660Z] <<< HTTP RESPONSE 200 {"date":"Fri, 19 Nov 2021 23:08:38 GMT","pragma":"no-cache","cache-control":"no-cache, no-store, max-age=0, must-revalidate","expires":"Mon, 01 Jan 1990 00:00:00 GMT","content-type":"application/json; charset=utf-8","vary":"X-Origin, Referer, Origin,Accept-Encoding","server":"scaffolding on HTTPServer2","x-xss-protection":"0","x-frame-options":"SAMEORIGIN","x-content-type-options":"nosniff","alt-svc":"h3=\":443\"; ma=2592000,h3-29=\":443\"; ma=2592000,h3-Q050=\":443\"; ma=2592000,h3-Q046=\":443\"; ma=2592000,h3-Q043=\":443\"; ma=2592000,quic=\":443\"; ma=2592000; v=\"46,43\"","accept-ranges":"none","transfer-encoding":"chunked"}
[debug] [2021-11-19T23:08:38.672Z] >>> [apiv2][query] GET https://firebase.googleapis.com/v1beta1/projects/dumball-rush [none]
[debug] [2021-11-19T23:08:39.535Z] <<< [apiv2][status] GET https://firebase.googleapis.com/v1beta1/projects/dumball-rush 200
[debug] [2021-11-19T23:08:39.535Z] <<< [apiv2][body] GET https://firebase.googleapis.com/v1beta1/projects/dumball-rush {"projectId":"dumball-rush","projectNumber":"588568455231","displayName":"dumball-rush","name":"projects/dumball-rush","resources":{"hostingSite":"dumball-rush"},"state":"ACTIVE"}
[info] 
[info] === Deploying to 'dumball-rush'...
[info] 
[info] i  deploying hosting 
[debug] [2021-11-19T23:08:39.538Z] > refreshing access token with scopes: ["email","https://www.googleapis.com/auth/cloud-platform","https://www.googleapis.com/auth/cloudplatformprojects.readonly","https://www.googleapis.com/auth/firebase","openid"]
[debug] [2021-11-19T23:08:39.538Z] >>> HTTP REQUEST POST https://www.googleapis.com/oauth2/v3/token  
 <request body omitted>
[debug] [2021-11-19T23:08:40.061Z] <<< HTTP RESPONSE 200 {"date":"Fri, 19 Nov 2021 23:08:39 GMT","pragma":"no-cache","cache-control":"no-cache, no-store, max-age=0, must-revalidate","expires":"Mon, 01 Jan 1990 00:00:00 GMT","content-type":"application/json; charset=utf-8","vary":"X-Origin, Referer, Origin,Accept-Encoding","server":"scaffolding on HTTPServer2","x-xss-protection":"0","x-frame-options":"SAMEORIGIN","x-content-type-options":"nosniff","alt-svc":"h3=\":443\"; ma=2592000,h3-29=\":443\"; ma=2592000,h3-Q050=\":443\"; ma=2592000,h3-Q046=\":443\"; ma=2592000,h3-Q043=\":443\"; ma=2592000,quic=\":443\"; ma=2592000; v=\"46,43\"","accept-ranges":"none","transfer-encoding":"chunked"}
[debug] [2021-11-19T23:08:40.074Z] >>> HTTP REQUEST POST https://firebasehosting.googleapis.com/v1beta1/sites/dumball-rush/versions  
 {"config":{"rewrites":[{"glob":"**","path":"/index.html"}]},"labels":{"deployment-tool":"cli-firebase"}}
[debug] [2021-11-19T23:08:41.420Z] <<< HTTP RESPONSE 200 {"content-type":"application/json; charset=UTF-8","vary":"X-Origin, Referer, Origin,Accept-Encoding","date":"Fri, 19 Nov 2021 23:08:41 GMT","server":"ESF","cache-control":"private","x-xss-protection":"0","x-frame-options":"SAMEORIGIN","x-content-type-options":"nosniff","alt-svc":"h3=\":443\"; ma=2592000,h3-29=\":443\"; ma=2592000,h3-Q050=\":443\"; ma=2592000,h3-Q046=\":443\"; ma=2592000,h3-Q043=\":443\"; ma=2592000,quic=\":443\"; ma=2592000; v=\"46,43\"","accept-ranges":"none","transfer-encoding":"chunked"}
[info] i  hosting[dumball-rush]: beginning deploy... 
[info] i  hosting[dumball-rush]: found 29 files in out 
[debug] [2021-11-19T23:08:41.434Z] [hosting] hash cache [b3V0] not populated
[debug] [2021-11-19T23:08:41.505Z] > refreshing access token with scopes: []
[debug] [2021-11-19T23:08:41.505Z] >>> HTTP REQUEST POST https://www.googleapis.com/oauth2/v3/token  
 <request body omitted>
[debug] [2021-11-19T23:08:41.507Z] [hosting] hash cache [b3V0] stored for 29 files
[debug] [2021-11-19T23:08:41.507Z] [hosting][hash queue][FINAL] {"max":68,"min":11,"avg":18.75862068965517,"active":0,"complete":29,"success":29,"errored":0,"retried":0,"total":29,"elapsed":73}
[debug] [2021-11-19T23:08:41.960Z] <<< HTTP RESPONSE 200 {"pragma":"no-cache","date":"Fri, 19 Nov 2021 23:08:41 GMT","expires":"Mon, 01 Jan 1990 00:00:00 GMT","cache-control":"no-cache, no-store, max-age=0, must-revalidate","content-type":"application/json; charset=utf-8","vary":"X-Origin, Referer, Origin,Accept-Encoding","server":"scaffolding on HTTPServer2","x-xss-protection":"0","x-frame-options":"SAMEORIGIN","x-content-type-options":"nosniff","alt-svc":"h3=\":443\"; ma=2592000,h3-29=\":443\"; ma=2592000,h3-Q050=\":443\"; ma=2592000,h3-Q046=\":443\"; ma=2592000,h3-Q043=\":443\"; ma=2592000,quic=\":443\"; ma=2592000; v=\"46,43\"","accept-ranges":"none","transfer-encoding":"chunked"}
[debug] [2021-11-19T23:08:41.970Z] >>> [apiv2][query] POST https://firebasehosting.googleapis.com/v1beta1/sites/dumball-rush/versions/caf218c23719d6ee:populateFiles [none]
[debug] [2021-11-19T23:08:41.970Z] >>> [apiv2][body] POST https://firebasehosting.googleapis.com/v1beta1/sites/dumball-rush/versions/caf218c23719d6ee:populateFiles {"files":{"/404.html":"3db8952c38ba0897339899d56b258ccd629ab3570f9179467e34a53752df3cc9","/_home.html":"76e739930e4674a89a10997192cee04b646df241b1ba23cdde4f5e48a525cf3f","/_game.html":"e8a6f6eed116c2c2ec6b91b20339f2c8c9a2908aa9265124a46d10405ddf4c56","/_nav.html":"f947018fce64c2c49a1fe08748e72b94c4efd36cf3a941a811d6c8e143a62537","/index.html":"8ff77215172b081a877e536065fc6528111996af2bfdaf41294be743563cb4c5","/vercel.svg":"d7cc1d83cb506bcacbd9997b53dc8cb99e1dee8b8b5d7b74c0adf332b6670a0a","/_next/static/-zUbMbfNdkcZxvhxiyh8A/_middlewareManifest.js":"bbfa2e1c62019f589716deebf49e07fb8b7f9485e7a635166ebc5d716020f3b2","/_next/static/-zUbMbfNdkcZxvhxiyh8A/_ssgManifest.js":"b53c525f4762ee2d2ca548237660b471aa72821fccc1de0e8b931178b81e10d4","/_next/static/-zUbMbfNdkcZxvhxiyh8A/_buildManifest.js":"143796f799363cadfb12b052bb63f6ea9f1f12147b6200260e5d8c96868ca298","/favicon.ico":"5db0637b966864c2b8352a84a6b4438360f6077c725b29aaaf80be894a69c118","/_next/static/chunks/webpack-b927671265afed5e.js":"bc1a8b33d7cc058e648ee5b573cedf66b31ee3425129109be0b7f677ff514ada","/_next/static/chunks/pages/_error-2280fa386d040b66.js":"f1f5b39e4bfdb0e042787d7e738fe91aa63b0181eaf0fa59a5a481348215693d","/_next/static/chunks/pages/_game-d2996190d5b783a6.js":"d493dfa1a3ee710399a223ac29b43fb3eaa913588b57519503cd1af86cfdcf6a","/_next/static/chunks/pages/_home-edee247980eb6b48.js":"74471263c8ceb5f4edba8fc4102e28da9c24a8ef21dbaa370a43b82c4a4466f0","/_next/static/chunks/pages/index-9f13a202021ad386.js":"c7182d0e39ff767398f73745af4303082102e7b055775e11a64b5301706cd759","/_next/static/chunks/pages/_nav-a3f1c833c5c8d518.js":"6cc87b2e79fd7fdc23197052a565ebf62c8ba80013a8bb8febf048c7054c37e9","/_next/static/css/1c7759e8413e8b97.css":"d6876d1ee9d93bf11ad05779512ff92562c31704694e48b70f2b8ab3897b8af7","/_next/static/chunks/pages/_app-bf4b67ec43ad4483.js":"6574ff627ab28c971a88f1816245cab216dd382a23b259b7b6a236f81c12510b","/_next/static/media/FredokaOne-Regular.818774f5.ttf":"8835277a9503290b4bf36b7850ee83b5fb54a3b65827267fc4fe6b39589983da","/_next/static/chunks/polyfills-5cd94c89d3acac5f.js":"450346e76f7d33112026b3e01c4bcabafde4dd76433eaa692ab000adc101399a","/_next/static/chunks/main-7a5ae73f0e3e91d3.js":"97abc5f9daae590c6f5f20ce157c8af61408fb54d9bf13c94682f4990d21ad5b","/_next/static/chunks/framework-635b220988279e95.js":"40b98bac43adff94d69e65ae6c934b9113a8437f495541d7283bbd4695d1ffa1","/_next/static/media/bg.029cdb97.png":"20f80f866f0d6cebdb483b563c1e1a0c56e76f2556f61f9c8ac2b309c9b7958a","/_next/static/media/Quicksand-VariableFont_wght.9217bf0d.ttf":"7ab7a4a9dee1e63aa8aeb94a3e26e0cdca186ebd25b95630db0603998e32c008","/_next/static/media/background.197bb804.png":"2c13b9fc4684a56557b209df2438f3c59a799da42a734bdd974745ed83c7c6d8","/_next/static/media/logo.7f5e4ac3.png":"d815f17f79845727b611440784711826bcff00aaa078d6e009061119b4168486","/_next/static/media/article3.0a755f9b.png":"5996241f0be543919fa922f5a5df5c57d0c95008f5d6f29ef26189690797999e","/_next/static/media/article2.a61df60a.png":"c6c475112f1e45c66248d5d0aa2fddd97ae935a9f9af40772ad702e767b91122","/_next/static/media/article1.2cb0d727.png":"29f24b40e038f488870bbff01cf80a7ed21e8ace565d78c9585f5ab4375aed48"}}
[debug] [2021-11-19T23:08:45.983Z] <<< [apiv2][status] POST https://firebasehosting.googleapis.com/v1beta1/sites/dumball-rush/versions/caf218c23719d6ee:populateFiles 200
[debug] [2021-11-19T23:08:45.983Z] <<< [apiv2][body] POST https://firebasehosting.googleapis.com/v1beta1/sites/dumball-rush/versions/caf218c23719d6ee:populateFiles {"uploadRequiredHashes":["c6c475112f1e45c66248d5d0aa2fddd97ae935a9f9af40772ad702e767b91122","29f24b40e038f488870bbff01cf80a7ed21e8ace565d78c9585f5ab4375aed48"],"uploadUrl":"https://upload-firebasehosting.googleapis.com/upload/sites/dumball-rush/versions/caf218c23719d6ee/files"}
[debug] [2021-11-19T23:08:45.985Z] >>> [apiv2][query] POST https://upload-firebasehosting.googleapis.com/upload/sites/dumball-rush/versions/caf218c23719d6ee/files/c6c475112f1e45c66248d5d0aa2fddd97ae935a9f9af40772ad702e767b91122 [none]
[debug] [2021-11-19T23:08:45.985Z] >>> [apiv2][body] POST https://upload-firebasehosting.googleapis.com/upload/sites/dumball-rush/versions/caf218c23719d6ee/files/c6c475112f1e45c66248d5d0aa2fddd97ae935a9f9af40772ad702e767b91122 [stream]
[debug] [2021-11-19T23:08:45.988Z] >>> [apiv2][query] POST https://upload-firebasehosting.googleapis.com/upload/sites/dumball-rush/versions/caf218c23719d6ee/files/29f24b40e038f488870bbff01cf80a7ed21e8ace565d78c9585f5ab4375aed48 [none]
[debug] [2021-11-19T23:08:45.988Z] >>> [apiv2][body] POST https://upload-firebasehosting.googleapis.com/upload/sites/dumball-rush/versions/caf218c23719d6ee/files/29f24b40e038f488870bbff01cf80a7ed21e8ace565d78c9585f5ab4375aed48 [stream]
[debug] [2021-11-19T23:08:45.988Z] [hosting][populate queue][FINAL] {"max":4480,"min":4480,"avg":4480,"active":0,"complete":1,"success":1,"errored":0,"retried":0,"total":1,"elapsed":4483}
[debug] [2021-11-19T23:08:45.989Z] [hosting] uploads queued: 2
[debug] [2021-11-19T23:09:23.226Z] [uploadQueue] Retrying task 29f24b40e038f488870bbff01cf80a7ed21e8ace565d78c9585f5ab4375aed48
[debug] [2021-11-19T23:09:23.227Z] >>> [apiv2][query] POST https://upload-firebasehosting.googleapis.com/upload/sites/dumball-rush/versions/caf218c23719d6ee/files/29f24b40e038f488870bbff01cf80a7ed21e8ace565d78c9585f5ab4375aed48 [none]
[debug] [2021-11-19T23:09:23.227Z] >>> [apiv2][body] POST https://upload-firebasehosting.googleapis.com/upload/sites/dumball-rush/versions/caf218c23719d6ee/files/29f24b40e038f488870bbff01cf80a7ed21e8ace565d78c9585f5ab4375aed48 [stream]
[debug] [2021-11-19T23:09:24.146Z] [uploadQueue] Retrying task c6c475112f1e45c66248d5d0aa2fddd97ae935a9f9af40772ad702e767b91122
[debug] [2021-11-19T23:09:24.146Z] >>> [apiv2][query] POST https://upload-firebasehosting.googleapis.com/upload/sites/dumball-rush/versions/caf218c23719d6ee/files/c6c475112f1e45c66248d5d0aa2fddd97ae935a9f9af40772ad702e767b91122 [none]
[debug] [2021-11-19T23:09:24.146Z] >>> [apiv2][body] POST https://upload-firebasehosting.googleapis.com/upload/sites/dumball-rush/versions/caf218c23719d6ee/files/c6c475112f1e45c66248d5d0aa2fddd97ae935a9f9af40772ad702e767b91122 [stream]
[debug] [2021-11-19T23:10:00.868Z] [uploadQueue] Retrying task 29f24b40e038f488870bbff01cf80a7ed21e8ace565d78c9585f5ab4375aed48
[debug] [2021-11-19T23:10:00.868Z] >>> [apiv2][query] POST https://upload-firebasehosting.googleapis.com/upload/sites/dumball-rush/versions/caf218c23719d6ee/files/29f24b40e038f488870bbff01cf80a7ed21e8ace565d78c9585f5ab4375aed48 [none]
[debug] [2021-11-19T23:10:00.868Z] >>> [apiv2][body] POST https://upload-firebasehosting.googleapis.com/upload/sites/dumball-rush/versions/caf218c23719d6ee/files/29f24b40e038f488870bbff01cf80a7ed21e8ace565d78c9585f5ab4375aed48 [stream]
[debug] [2021-11-19T23:10:02.708Z] [uploadQueue] Retrying task c6c475112f1e45c66248d5d0aa2fddd97ae935a9f9af40772ad702e767b91122
[debug] [2021-11-19T23:10:02.708Z] >>> [apiv2][query] POST https://upload-firebasehosting.googleapis.com/upload/sites/dumball-rush/versions/caf218c23719d6ee/files/c6c475112f1e45c66248d5d0aa2fddd97ae935a9f9af40772ad702e767b91122 [none]
[debug] [2021-11-19T23:10:02.708Z] >>> [apiv2][body] POST https://upload-firebasehosting.googleapis.com/upload/sites/dumball-rush/versions/caf218c23719d6ee/files/c6c475112f1e45c66248d5d0aa2fddd97ae935a9f9af40772ad702e767b91122 [stream]
[debug] [2021-11-19T23:10:12.691Z] [uploadQueue] Retrying task 29f24b40e038f488870bbff01cf80a7ed21e8ace565d78c9585f5ab4375aed48
[debug] [2021-11-19T23:10:12.692Z] >>> [apiv2][query] POST https://upload-firebasehosting.googleapis.com/upload/sites/dumball-rush/versions/caf218c23719d6ee/files/29f24b40e038f488870bbff01cf80a7ed21e8ace565d78c9585f5ab4375aed48 [none]
[debug] [2021-11-19T23:10:12.692Z] >>> [apiv2][body] POST https://upload-firebasehosting.googleapis.com/upload/sites/dumball-rush/versions/caf218c23719d6ee/files/29f24b40e038f488870bbff01cf80a7ed21e8ace565d78c9585f5ab4375aed48 [stream]
[debug] [2021-11-19T23:10:14.874Z] [uploadQueue] Retrying task c6c475112f1e45c66248d5d0aa2fddd97ae935a9f9af40772ad702e767b91122
[debug] [2021-11-19T23:10:14.874Z] >>> [apiv2][query] POST https://upload-firebasehosting.googleapis.com/upload/sites/dumball-rush/versions/caf218c23719d6ee/files/c6c475112f1e45c66248d5d0aa2fddd97ae935a9f9af40772ad702e767b91122 [none]
[debug] [2021-11-19T23:10:14.874Z] >>> [apiv2][body] POST https://upload-firebasehosting.googleapis.com/upload/sites/dumball-rush/versions/caf218c23719d6ee/files/c6c475112f1e45c66248d5d0aa2fddd97ae935a9f9af40772ad702e767b91122 [stream]
[debug] [2021-11-19T23:10:52.732Z] [uploadQueue] Retrying task 29f24b40e038f488870bbff01cf80a7ed21e8ace565d78c9585f5ab4375aed48
[debug] [2021-11-19T23:10:52.733Z] >>> [apiv2][query] POST https://upload-firebasehosting.googleapis.com/upload/sites/dumball-rush/versions/caf218c23719d6ee/files/29f24b40e038f488870bbff01cf80a7ed21e8ace565d78c9585f5ab4375aed48 [none]
[debug] [2021-11-19T23:10:52.733Z] >>> [apiv2][body] POST https://upload-firebasehosting.googleapis.com/upload/sites/dumball-rush/versions/caf218c23719d6ee/files/29f24b40e038f488870bbff01cf80a7ed21e8ace565d78c9585f5ab4375aed48 [stream]
[debug] [2021-11-19T23:10:55.834Z] [uploadQueue] Retrying task c6c475112f1e45c66248d5d0aa2fddd97ae935a9f9af40772ad702e767b91122
[debug] [2021-11-19T23:10:55.835Z] >>> [apiv2][query] POST https://upload-firebasehosting.googleapis.com/upload/sites/dumball-rush/versions/caf218c23719d6ee/files/c6c475112f1e45c66248d5d0aa2fddd97ae935a9f9af40772ad702e767b91122 [none]
[debug] [2021-11-19T23:10:55.835Z] >>> [apiv2][body] POST https://upload-firebasehosting.googleapis.com/upload/sites/dumball-rush/versions/caf218c23719d6ee/files/c6c475112f1e45c66248d5d0aa2fddd97ae935a9f9af40772ad702e767b91122 [stream]
